Antes de hacer un curl al servidor...
curl: (7) Couldn't connect to server
curl: (7) Couldn't connect to server
curl: (7) Couldn't connect to server
curl: (7) Couldn't connect to server
curl: (7) Couldn't connect to server
curl: (7) Couldn't connect to server
curl: (7) Couldn't connect to server
curl: (7) Couldn't connect to server
curl: (7) Couldn't connect to server
curl: (7) Couldn't connect to server
curl: (7) Couldn't connect to server
curl: (7) Couldn't connect to server
curl: (7) Couldn't connect to server
curl: (7) Couldn't connect to server
curl: (7) Couldn't connect to server
curl: (7) Couldn't connect to server
curl: (7) Couldn't connect to server
curl: (7) Couldn't connect to server
curl: (7) Couldn't connect to server
curl: (7) Couldn't connect to server
curl: (7) Couldn't connect to server
curl: (7) Couldn't connect to server
curl: (7) Couldn't connect to server
curl: (7) Couldn't connect to server
curl: (7) Couldn't connect to server
curl: (7) Couldn't connect to server
curl: (7) Couldn't connect to server
curl: (7) Couldn't connect to server
curl: (7) Couldn't connect to server
curl: (7) Couldn't connect to server
curl: (7) Couldn't connect to server
curl: (7) Couldn't connect to server
curl: (7) Couldn't connect to server
curl: (7) Couldn't connect to server
curl: (7) Couldn't connect to server
curl: (7) Couldn't connect to server
curl: (7) Couldn't connect to server
curl: (7) Couldn't connect to server
curl: (7) Couldn't connect to server
curl: (7) Couldn't connect to server
curl: (7) Couldn't connect to server
curl: (7) Couldn't connect to server
curl: (7) Couldn't connect to server
curl: (7) Couldn't connect to server
curl: (7) Couldn't connect to server
curl: (7) Couldn't connect to server
curl: (7) Couldn't connect to server
curl: (7) Couldn't connect to server
curl: (7) Couldn't connect to server
curl: (7) Couldn't connect to server
curl: (7) Couldn't connect to server
curl: (7) Couldn't connect to server
curl: (7) Couldn't connect to server
curl: (7) Couldn't connect to server
curl: (7) Couldn't connect to server
curl: (7) Couldn't connect to server
curl: (7) Couldn't connect to server
curl: (7) Couldn't connect to server
curl: (7) Couldn't connect to server
curl: (7) Couldn't connect to server
curl: (7) Couldn't connect to server
curl: (7) Couldn't connect to server
curl: (7) Couldn't connect to server
curl: (7) Couldn't connect to server
curl: (7) Couldn't connect to server
curl: (7) Couldn't connect to server
curl: (7) Couldn't connect to server
curl: (7) Couldn't connect to server
curl: (7) Couldn't connect to server
curl: (7) Couldn't connect to server
curl: (7) Couldn't connect to server
curl: (7) Couldn't connect to server
curl: (7) Couldn't connect to server
curl: (7) Couldn't connect to server
curl: (7) Couldn't connect to server
curl: (7) Couldn't connect to server
curl: (7) Couldn't connect to server
curl: (7) Couldn't connect to server
curl: (7) Couldn't connect to server
curl: (7) Couldn't connect to server
curl: (7) Couldn't connect to server
curl: (7) Couldn't connect to server
curl: (7) Couldn't connect to server
curl: (7) Couldn't connect to server
curl: (7) Couldn't connect to server
curl: (7) Couldn't connect to server
curl: (7) Couldn't connect to server
curl: (7) Couldn't connect to server
curl: (7) Couldn't connect to server
curl: (7) Couldn't connect to server
curl: (7) Couldn't connect to server
curl: (7) Couldn't connect to server
curl: (7) Couldn't connect to server
curl: (7) Couldn't connect to server
curl: (7) Couldn't connect to server
curl: (7) Couldn't connect to server
curl: (7) Couldn't connect to server
curl: (7) Couldn't connect to server
curl: (7) Couldn't connect to server
curl: (7) Couldn't connect to server
curl: (7) Couldn't connect to server
curl: (7) Couldn't connect to server
curl: (7) Couldn't connect to server
curl: (7) Couldn't connect to server
curl: (7) Couldn't connect to server
curl: (7) Couldn't connect to server
curl: (7) Couldn't connect to server
curl: (7) Couldn't connect to server
curl: (7) Couldn't connect to server
curl: (7) Couldn't connect to server
curl: (7) Couldn't connect to server
curl: (7) Couldn't connect to server
curl: (7) Couldn't connect to server
curl: (7) Couldn't connect to server
curl: (7) Couldn't connect to server
curl: (7) Couldn't connect to server
curl: (7) Couldn't connect to server
curl: (7) Couldn't connect to server
curl: (7) Couldn't connect to server
curl: (7) Couldn't connect to server
curl: (7) Couldn't connect to server
curl: (7) Couldn't connect to server
curl: (7) Couldn't connect to server
curl: (7) Couldn't connect to server
curl: (7) Couldn't connect to server
curl: (7) Couldn't connect to server
curl: (7) Couldn't connect to server
curl: (7) Couldn't connect to server
curl: (7) Couldn't connect to server
curl: (7) Couldn't connect to server
curl: (7) Couldn't connect to server
curl: (7) Couldn't connect to server
curl: (7) Couldn't connect to server
curl: (7) Couldn't connect to server
curl: (7) Couldn't connect to server
curl: (7) Couldn't connect to server
curl: (7) Couldn't connect to server
curl: (7) Couldn't connect to server
curl: (7) Couldn't connect to server
curl: (7) Couldn't connect to server
curl: (7) Couldn't connect to server
curl: (7) Couldn't connect to server
curl: (7) Couldn't connect to server
curl: (7) Couldn't connect to server
curl: (7) Couldn't connect to server
curl: (7) Couldn't connect to server
curl: (7) Couldn't connect to server
curl: (7) Couldn't connect to server
curl: (7) Couldn't connect to server
curl: (7) Couldn't connect to server
curl: (7) Couldn't connect to server
curl: (7) Couldn't connect to server
curl: (7) Couldn't connect to server
curl: (7) Couldn't connect to server
curl: (7) Couldn't connect to server
curl: (7) Couldn't connect to server
curl: (7) Couldn't connect to server
curl: (7) Couldn't connect to server
curl: (7) Couldn't connect to server
curl: (7) Couldn't connect to server
curl: (7) Couldn't connect to server
curl: (7) Couldn't connect to server
curl: (7) Couldn't connect to server
curl: (7) Couldn't connect to server
curl: (7) Couldn't connect to server
curl: (7) Couldn't connect to server
curl: (7) Couldn't connect to server
curl: (7) Couldn't connect to server
curl: (7) Couldn't connect to server
curl: (7) Couldn't connect to server
curl: (7) Couldn't connect to server
curl: (7) Couldn't connect to server
curl: (7) Couldn't connect to server
curl: (7) Couldn't connect to server
curl: (7) Couldn't connect to server
curl: (7) Couldn't connect to server
curl: (7) Couldn't connect to server
curl: (7) Couldn't connect to server
curl: (7) Couldn't connect to server
curl: (7) Couldn't connect to server
curl: (7) Couldn't connect to server
curl: (7) Couldn't connect to server
curl: (7) Couldn't connect to server
curl: (7) Couldn't connect to server
curl: (7) Couldn't connect to server
curl: (7) Couldn't connect to server
curl: (7) Couldn't connect to server
curl: (7) Couldn't connect to server
curl: (7) Couldn't connect to server
curl: (7) Couldn't connect to server
curl: (7) Couldn't connect to server
curl: (7) Couldn't connect to server
curl: (7) Couldn't connect to server
curl: (7) Couldn't connect to server
curl: (7) Couldn't connect to server
curl: (7) Couldn't connect to server
curl: (7) Couldn't connect to server
curl: (7) Couldn't connect to server
curl: (7) Couldn't connect to server
curl: (7) Couldn't connect to server
curl: (7) Couldn't connect to server
curl: (7) Couldn't connect to server
curl: (7) Couldn't connect to server
  % Total    % Received % Xferd  Average Speed   Time    Time     Time  Current
                                 Dload  Upload   Total   Spent    Left  Speed
  0     0    0     0    0     0      0      0 --:--:-- --:--:-- --:--:--     0  0     0    0     0    0     0      0      0 --:--:--  0:00:01 --:--:--     0
curl: (28) Connection timed out after 1001 milliseconds
  % Total    % Received % Xferd  Average Speed   Time    Time     Time  Current
                                 Dload  Upload   Total   Spent    Left  Speed
  0     0    0     0    0     0      0      0 --:--:-- --:--:-- --:--:--     0  0     0    0     0    0     0      0      0 --:--:--  0:00:01 --:--:--     0
curl: (28) Connection timed out after 1001 milliseconds
  % Total    % Received % Xferd  Average Speed   Time    Time     Time  Current
                                 Dload  Upload   Total   Spent    Left  Speed
  0     0    0     0    0     0      0      0 --:--:-- --:--:-- --:--:--     0curl: (7) Failed to connect to 10.0.102.120 port 5001: No route to host
  % Total    % Received % Xferd  Average Speed   Time    Time     Time  Current
                                 Dload  Upload   Total   Spent    Left  Speed
  0     0    0     0    0     0      0      0 --:--:-- --:--:-- --:--:--     0  0     0    0     0    0     0      0      0 --:--:--  0:00:01 --:--:--     0
curl: (28) Connection timed out after 1001 milliseconds
Wed Oct 25 15:23:50 EDT 2023 - Servidor encontrado, procediendo...
--2023-10-25 15:23:50--  http://10.0.102.120:5001/eprom/www/images/Logo_Custom.png
Connecting to 10.0.102.120:5001... failed: No route to host.
--2023-10-25 15:23:52--  http://10.0.102.120:5001/eprom/getplu.cfg
Connecting to 10.0.102.120:5001... failed: No route to host.
