Fri Oct 20 10:01:40 EDT 2023 - Codigo=7790696000318|Descripcion=Tomates |PrecioUnit=800|Oferta=Llevando tres unidades $400 c/u_20% descuento en tomates
Fri Oct 20 10:01:44 EDT 2023 - Codigo=7798372330049|Descripcion=Tallarines de avena|PrecioUnit=999.99|Oferta=20% descuento en pastas
Fri Oct 20 10:01:49 EDT 2023 - Codigo=7790199603511|Descripcion=Penne rigate|PrecioUnit=800|Oferta=20% descuento en pastas
Fri Oct 20 10:01:54 EDT 2023 - Codigo:7792170110551 no encontrado.
Fri Oct 20 10:01:58 EDT 2023 - Codigo=723540526235|Descripcion=Nina Blondies Sugar Free|PrecioUnit=1200|Oferta=Llevando 3 paquetes de galletas nina 1 de regalo
Fri Oct 20 10:02:04 EDT 2023 - Codigo=7798290581257|Descripcion=Agua|PrecioUnit=181.81|Oferta=Jugo de regalo
Fri Oct 20 10:02:10 EDT 2023 - Codigo:7792170110551 no encontrado.
Mon Oct 23 08:11:39 EDT 2023 - Codigo=7790696000318|Descripcion=Tomates |PrecioUnit=800|Oferta=Llevando tres unidades $400 c/u_20% descuento en tomates
Tue Oct 24 11:06:38 EDT 2023 - Codigo=7790696000318|Descripcion=Tomates |PrecioUnit=800|Oferta=Llevando tres unidades $400 c/u_20% descuento en tomates
Tue Oct 24 11:18:19 EDT 2023 - Codigo=723540526235|Descripcion=Nina Blondies Sugar Free|PrecioUnit=1200|Oferta=Llevando 3 paquetes de galletas nina 1 de regalo
Tue Oct 24 11:18:31 EDT 2023 - Codigo=723540526235|Descripcion=Nina Blondies Sugar Free|PrecioUnit=1200|Oferta=Llevando 3 paquetes de galletas nina 1 de regalo
Tue Oct 24 11:18:46 EDT 2023 - Codigo=7790696000318|Descripcion=Tomates |PrecioUnit=800|Oferta=Llevando tres unidades $400 c/u_20% descuento en tomates
Tue Oct 24 11:19:42 EDT 2023 - Codigo=723540526235|Descripcion=Nina Blondies Sugar Free|PrecioUnit=600|Oferta=Llevando 3 paquetes de galletas nina 1 de regalo
Tue Oct 24 11:37:46 EDT 2023 - Codigo=7798372330049|Descripcion=Tallarines de avena|PrecioUnit=999.99|Oferta=20% descuento en pastas
Tue Oct 24 14:50:52 EDT 2023 - Codigo=7790696000318|Descripcion=Tomates |PrecioUnit=800|Oferta=Llevando tres unidades $400 c/u_20% descuento en tomates
Wed Oct 25 09:25:45 EDT 2023 - Codigo=7790696000318|Descripcion=Tomates |PrecioUnit=800|Oferta=Llevando tres unidades $400 c/u_20% descuento en tomates
Wed Oct 25 09:27:57 EDT 2023 - Codigo=7790696000318|Descripcion=Tomates |PrecioUnit=800|Oferta=Llevando tres unidades $400 c/u_20% descuento en tomates
Wed Oct 25 15:23:09 EDT 2023 - Codigo=7790696000318|Descripcion=Tomates |PrecioUnit=800|Oferta=Llevando tres unidades $400 c/u_20% descuento en tomates
Wed Oct 25 15:23:09 EDT 2023 - Codigo=7790696000318|Descripcion=Tomates |PrecioUnit=800|Oferta=Llevando tres unidades $400 c/u_20% descuento en tomates
Wed Oct 25 15:23:09 EDT 2023 - Codigo=7790696000318|Descripcion=Tomates |PrecioUnit=800|Oferta=Llevando tres unidades $400 c/u_20% descuento en tomates
Wed Oct 25 15:23:09 EDT 2023 - Codigo=7790696000318|Descripcion=Tomates |PrecioUnit=800|Oferta=Llevando tres unidades $400 c/u_20% descuento en tomates
Wed Oct 25 15:23:12 EDT 2023 - Codigo=7790696000318|Descripcion=Tomates |PrecioUnit=800|Oferta=Llevando tres unidades $400 c/u_20% descuento en tomates
Wed Oct 25 15:24:06 EDT 2023 - Codigo:7790696000318 no encontrado.
Wed Oct 25 15:24:08 EDT 2023 - Codigo:7790696000318 no encontrado.
Wed Oct 25 15:24:10 EDT 2023 - Codigo:7790696000318 no encontrado.
Wed Oct 25 15:27:37 EDT 2023 - Codigo:Q7790696000318 no encontrado.
Wed Oct 25 15:27:39 EDT 2023 - Codigo=7790696000318|Descripcion=Tomates |PrecioUnit=800|Oferta=Llevando tres unidades $400 c/u_20% descuento en tomates
jue 01 ago 2024 16:42:09 -03 - Codigo:779822 no encontrado.
jue 01 ago 2024 16:44:10 -03 - Codigo:779822 no encontrado.
jue 01 ago 2024 16:44:16 -03 - Codigo:0000779822 no encontrado.
jue 01 ago 2024 16:44:19 -03 - Codigo=000007798224|Descripcion=Articulo x|PrecioUnit=100.50|Oferta=Oferta1_Oferta2_Oferta3
