Fri Oct 20 10:01:40 EDT 2023 - Codigo=7790696000318|Descripcion=Tomates |PrecioUnit=800|Oferta=Llevando tres unidades $400 c/u_20% descuento en tomates
Fri Oct 20 10:01:44 EDT 2023 - Codigo=7798372330049|Descripcion=Tallarines de avena|PrecioUnit=999.99|Oferta=20% descuento en pastas
Fri Oct 20 10:01:49 EDT 2023 - Codigo=7790199603511|Descripcion=Penne rigate|PrecioUnit=800|Oferta=20% descuento en pastas
Fri Oct 20 10:01:54 EDT 2023 - Codigo:7792170110551 no encontrado.
Fri Oct 20 10:01:58 EDT 2023 - Codigo=723540526235|Descripcion=Nina Blondies Sugar Free|PrecioUnit=1200|Oferta=Llevando 3 paquetes de galletas nina 1 de regalo
Fri Oct 20 10:02:04 EDT 2023 - Codigo=7798290581257|Descripcion=Agua|PrecioUnit=181.81|Oferta=Jugo de regalo
Fri Oct 20 10:02:10 EDT 2023 - Codigo:7792170110551 no encontrado.
Mon Oct 23 08:11:39 EDT 2023 - Codigo=7790696000318|Descripcion=Tomates |PrecioUnit=800|Oferta=Llevando tres unidades $400 c/u_20% descuento en tomates
Tue Oct 24 11:06:38 EDT 2023 - Codigo=7790696000318|Descripcion=Tomates |PrecioUnit=800|Oferta=Llevando tres unidades $400 c/u_20% descuento en tomates
Tue Oct 24 11:18:19 EDT 2023 - Codigo=723540526235|Descripcion=Nina Blondies Sugar Free|PrecioUnit=1200|Oferta=Llevando 3 paquetes de galletas nina 1 de regalo
Tue Oct 24 11:18:31 EDT 2023 - Codigo=723540526235|Descripcion=Nina Blondies Sugar Free|PrecioUnit=1200|Oferta=Llevando 3 paquetes de galletas nina 1 de regalo
Tue Oct 24 11:18:46 EDT 2023 - Codigo=7790696000318|Descripcion=Tomates |PrecioUnit=800|Oferta=Llevando tres unidades $400 c/u_20% descuento en tomates
Tue Oct 24 11:19:42 EDT 2023 - Codigo=723540526235|Descripcion=Nina Blondies Sugar Free|PrecioUnit=600|Oferta=Llevando 3 paquetes de galletas nina 1 de regalo
Tue Oct 24 11:37:46 EDT 2023 - Codigo=7798372330049|Descripcion=Tallarines de avena|PrecioUnit=999.99|Oferta=20% descuento en pastas
Tue Oct 24 14:50:52 EDT 2023 - Codigo=7790696000318|Descripcion=Tomates |PrecioUnit=800|Oferta=Llevando tres unidades $400 c/u_20% descuento en tomates
Wed Oct 25 09:25:45 EDT 2023 - Codigo=7790696000318|Descripcion=Tomates |PrecioUnit=800|Oferta=Llevando tres unidades $400 c/u_20% descuento en tomates
Wed Oct 25 09:27:57 EDT 2023 - Codigo=7790696000318|Descripcion=Tomates |PrecioUnit=800|Oferta=Llevando tres unidades $400 c/u_20% descuento en tomates
Wed Oct 25 15:23:09 EDT 2023 - Codigo=7790696000318|Descripcion=Tomates |PrecioUnit=800|Oferta=Llevando tres unidades $400 c/u_20% descuento en tomates
Wed Oct 25 15:23:09 EDT 2023 - Codigo=7790696000318|Descripcion=Tomates |PrecioUnit=800|Oferta=Llevando tres unidades $400 c/u_20% descuento en tomates
Wed Oct 25 15:23:09 EDT 2023 - Codigo=7790696000318|Descripcion=Tomates |PrecioUnit=800|Oferta=Llevando tres unidades $400 c/u_20% descuento en tomates
Wed Oct 25 15:23:09 EDT 2023 - Codigo=7790696000318|Descripcion=Tomates |PrecioUnit=800|Oferta=Llevando tres unidades $400 c/u_20% descuento en tomates
Wed Oct 25 15:23:12 EDT 2023 - Codigo=7790696000318|Descripcion=Tomates |PrecioUnit=800|Oferta=Llevando tres unidades $400 c/u_20% descuento en tomates
Wed Oct 25 15:24:06 EDT 2023 - Codigo:7790696000318 no encontrado.
Wed Oct 25 15:24:08 EDT 2023 - Codigo:7790696000318 no encontrado.
Wed Oct 25 15:24:10 EDT 2023 - Codigo:7790696000318 no encontrado.
Wed Oct 25 15:27:37 EDT 2023 - Codigo:Q7790696000318 no encontrado.
Wed Oct 25 15:27:39 EDT 2023 - Codigo=7790696000318|Descripcion=Tomates |PrecioUnit=800|Oferta=Llevando tres unidades $400 c/u_20% descuento en tomates
Wed Oct 25 15:42:18 EDT 2023 - Codigo=7790696000318|Descripcion=Tomates |PrecioUnit=800|Oferta=Llevando tres unidades $400 c/u_20% descuento en tomates
Wed Oct 25 15:48:47 EDT 2023 - Codigo=7790696000318|Descripcion=Tomates |PrecioUnit=800|Oferta=Llevando tres unidades $400 c/u_20% descuento en tomates
Wed Oct 25 15:49:12 EDT 2023 - Codigo=7798372330049|Descripcion=Tallarines de avena|PrecioUnit=999.99|Oferta=20% descuento en pastas
Wed Oct 25 16:17:56 EDT 2023 - Codigo=723540526235|Descripcion=Nina Blondies Sugar Free|PrecioUnit=600|Oferta=Llevando 3 paquetes de galletas nina 1 de regalo
Wed Oct 25 16:18:08 EDT 2023 - Codigo=723540526235|Descripcion=Nina Blondies Sugar Free|PrecioUnit=600|Oferta=Llevando 3 paquetes de galletas nina 1 de regalo
Wed Oct 25 16:21:42 EDT 2023 - Codigo=723540526235|Descripcion=Nina Blondies Sugar Free|PrecioUnit=1200|Oferta=Llevando 3 paquetes de galletas nina 1 de regalo
Thu Oct 26 09:51:54 EDT 2023 - Codigo=723540526235|Descripcion=Nina Blondies Sugar Free|PrecioUnit=1200|Oferta=Llevando 3 paquetes de galletas nina 1 de regalo
Thu Oct 26 09:52:28 EDT 2023 - Codigo=723540525993|Descripcion=Nina Bizcochitos de oliva|PrecioUnit=790.55|Oferta=Llevando 3 paquetes de galletas nina 1 de regalo
Thu Oct 26 09:54:51 EDT 2023 - Codigo=7790696000318|Descripcion=Tomates |PrecioUnit=800|Oferta=Llevando tres unidades $400 c/u_20% descuento en tomates
Thu Oct 26 11:41:52 EDT 2023 - Codigo:7790696000318 no encontrado.
Thu Oct 26 11:42:04 EDT 2023 - Codigo:7790696000318 no encontrado.
Thu Oct 26 11:45:54 EDT 2023 - Codigo:1 no encontrado.
Thu Oct 26 11:46:04 EDT 2023 - Codigo=7790696000318|Descripcion=Tomates |PrecioUnit=800|Oferta=Llevando tres unidades $400 c/u_20% descuento en tomates
Thu Oct 26 11:46:04 EDT 2023 - Codigo=7790696000318|Descripcion=Tomates |PrecioUnit=800|Oferta=Llevando tres unidades $400 c/u_20% descuento en tomates
Thu Oct 26 11:46:13 EDT 2023 - Codigo=7790696000318|Descripcion=Tomates |PrecioUnit=800|Oferta=Llevando tres unidades $400 c/u_20% descuento en tomates
Thu Oct 26 11:46:22 EDT 2023 - Codigo:7790696000318 no encontrado.
Thu Oct 26 11:46:25 EDT 2023 - Codigo:7790696000318 no encontrado.
Thu Oct 26 11:46:31 EDT 2023 - Codigo:7790696000318 no encontrado.
Thu Oct 26 11:46:32 EDT 2023 - Codigo:7790696000318 no encontrado.
Thu Oct 26 11:46:33 EDT 2023 - Codigo:7790696000318 no encontrado.
Thu Oct 26 11:48:36 EDT 2023 - Codigo:7790696000318 no encontrado.
Thu Oct 26 11:48:36 EDT 2023 - Codigo:7790696000318 no encontrado.
Thu Oct 26 11:48:38 EDT 2023 - Codigo:7790696000318 no encontrado.
Thu Oct 26 11:48:40 EDT 2023 - Codigo:7790696000318 no encontrado.
Thu Oct 26 11:48:40 EDT 2023 - Codigo:7790696000318 no encontrado.
Thu Oct 26 11:48:42 EDT 2023 - Codigo:7790696000318 no encontrado.
Thu Oct 26 11:49:18 EDT 2023 - Codigo:7790696000318 no encontrado.
Thu Oct 26 11:52:57 EDT 2023 - Codigo:7790696000318 no encontrado.
Thu Oct 26 11:53:09 EDT 2023 - Codigo:7790696000318 no encontrado.
Thu Oct 26 11:53:14 EDT 2023 - Codigo:7790696000318 no encontrado.
Thu Oct 26 11:53:15 EDT 2023 - Codigo:7790696000318 no encontrado.
Thu Oct 26 11:53:23 EDT 2023 - Codigo:7790696000318 no encontrado.
Thu Oct 26 11:53:35 EDT 2023 - Codigo:7790696000318 no encontrado.
Thu Oct 26 13:25:03 EDT 2023 - Codigo:7790696000318 no encontrado.
Thu Oct 26 13:26:55 EDT 2023 - Codigo:7790696000318 no encontrado.
Thu Oct 26 13:26:57 EDT 2023 - Codigo:7790696000318 no encontrado.
Thu Oct 26 13:27:26 EDT 2023 - Codigo:7790696000318 no encontrado.
Thu Oct 26 13:27:30 EDT 2023 - Codigo:7798372330049 no encontrado.
Thu Oct 26 13:27:42 EDT 2023 - Codigo:7790696000318 no encontrado.
Thu Oct 26 13:29:29 EDT 2023 - Codigo:7790696000318 no encontrado.
Thu Oct 26 13:29:30 EDT 2023 - Codigo:7790696000318 no encontrado.
Thu Oct 26 13:29:33 EDT 2023 - Codigo:7798372330049 no encontrado.
Thu Oct 26 13:31:55 EDT 2023 - Codigo:7790696000318 no encontrado.
Thu Oct 26 13:32:12 EDT 2023 - Codigo:7790696000318 no encontrado.
Thu Oct 26 13:32:16 EDT 2023 - Codigo:7790696000318 no encontrado.
Thu Oct 26 13:32:59 EDT 2023 - Codigo:7790696000318 no encontrado.
Thu Oct 26 13:42:54 EDT 2023 - Codigo:7790696000318 no encontrado.
Thu Oct 26 13:44:23 EDT 2023 - Codigo:7790696000318 no encontrado.
Thu Oct 26 13:44:25 EDT 2023 - Codigo:7790696000318 no encontrado.
Thu Oct 26 13:53:33 EDT 2023 - Codigo:7790696000318 no encontrado.
Thu Oct 26 14:04:36 EDT 2023 - Codigo:7790696000318 no encontrado.
Thu Oct 26 14:13:26 EDT 2023 - Codigo:7790696000318 no encontrado.
Thu Oct 26 14:14:28 EDT 2023 - Codigo:7790696000318 no encontrado.
Thu Oct 26 14:34:51 EDT 2023 - Codigo:7790696000318 no encontrado.
Thu Oct 26 14:34:52 EDT 2023 - Codigo:7790696000318 no encontrado.
Thu Oct 26 14:36:23 EDT 2023 - Codigo:7790696000318 no encontrado.
Thu Oct 26 14:47:46 EDT 2023 - Codigo=7790696000318|Descripcion=Tomates |PrecioUnit=800|Oferta=Llevando tres unidades $400 c/u_20% descuento en tomates
Thu Oct 26 14:47:58 EDT 2023 - Codigo=7798372330049|Descripcion=Tallarines de avena|PrecioUnit=999.99|Oferta=20% descuento en pastas
Thu Oct 26 14:57:52 EDT 2023 - Codigo=7790696000318|Descripcion=Tomates |PrecioUnit=800|Oferta=Llevando tres unidades $400 c/u_20% descuento en tomates
Thu Oct 26 14:57:58 EDT 2023 - Codigo=7790696000318|Descripcion=Tomates |PrecioUnit=800|Oferta=Llevando tres unidades $400 c/u_20% descuento en tomates
Thu Oct 26 15:14:47 EDT 2023 - Codigo=7790696000318|Descripcion=Tomates |PrecioUnit=800|Oferta=Llevando tres unidades $400 c/u_20% descuento en tomates
Thu Oct 26 15:23:04 EDT 2023 - Codigo=7790696000318|Descripcion=Tomates |PrecioUnit=800|Oferta=Llevando tres unidades $400 c/u_20% descuento en tomates
Thu Oct 26 15:23:51 EDT 2023 - Codigo=7790696000318|Descripcion=Tomates |PrecioUnit=800|Oferta=Llevando tres unidades $400 c/u_20% descuento en tomates
Thu Oct 26 15:29:52 EDT 2023 - Codigo=723540526235|Descripcion=Nina Blondies Sugar Free|PrecioUnit=1200|Oferta=Llevando 3 paquetes de galletas nina 1 de regalo
Thu Oct 26 15:29:55 EDT 2023 - Codigo=723540526235|Descripcion=Nina Blondies Sugar Free|PrecioUnit=1200|Oferta=Llevando 3 paquetes de galletas nina 1 de regalo
Thu Oct 26 15:30:03 EDT 2023 - Codigo=723540525993|Descripcion=Nina Bizcochitos de oliva|PrecioUnit=790.55|Oferta=Llevando 3 paquetes de galletas nina 1 de regalo
Thu Oct 26 15:30:24 EDT 2023 - Codigo=723540526235|Descripcion=Nina Blondies Sugar Free|PrecioUnit=1200|Oferta=Llevando 3 paquetes de galletas nina 1 de regalo
Thu Oct 26 15:30:31 EDT 2023 - Codigo=723540525993|Descripcion=Nina Bizcochitos de oliva|PrecioUnit=790.55|Oferta=Llevando 3 paquetes de galletas nina 1 de regalo
Thu Oct 26 15:34:28 EDT 2023 - Codigo=723540526235|Descripcion=Nina Blondies Sugar Free|PrecioUnit=1200|Oferta=Llevando 3 paquetes de galletas nina 1 de regalo
Thu Oct 26 15:37:11 EDT 2023 - Codigo=723540526235|Descripcion=Nina Blondies Sugar Free|PrecioUnit=1200|Oferta=Llevando 3 paquetes de galletas nina 1 de regalo
Thu Oct 26 15:37:41 EDT 2023 - Codigo=7790696000318|Descripcion=Tomates |PrecioUnit=800|Oferta=Llevando tres unidades $400 c/u_20% descuento en tomates
Thu Oct 26 15:43:31 EDT 2023 - Codigo:723540525993 no encontrado.
Thu Oct 26 15:46:15 EDT 2023 - Codigo=723540526235|Descripcion=Nina Blondies Sugar Free|PrecioUnit=1200|Oferta=Llevando 3 paquetes de galletas nina 1 de regalo
Fri Oct 27 07:24:58 EDT 2023 - Codigo=7790696000318|Descripcion=Tomates |PrecioUnit=800|Oferta=Llevando tres unidades $400 c/u_20% descuento en tomates
Fri Oct 27 07:25:06 EDT 2023 - Codigo=7798372330049|Descripcion=Tallarines de avena|PrecioUnit=999.99|Oferta=20% descuento en pastas
Fri Oct 27 07:43:32 EDT 2023 - Codigo=723540526235|Descripcion=Nina Blondies Sugar Free|PrecioUnit=1200|Oferta=Llevando 3 paquetes de galletas nina 1 de regalo
Fri Oct 27 07:46:30 EDT 2023 - Codigo=655257741376|Descripcion=Nina Lemon & Ginger|PrecioUnit=300|Oferta=Llevando 3 paquetes de galletas nina 1 de regalo
Fri Oct 27 07:47:02 EDT 2023 - Codigo=655257741376|Descripcion=Nina Lemon & Ginger|PrecioUnit=300|Oferta=Llevando 3 paquetes de galletas nina 1 de regalo
Fri Oct 27 07:47:12 EDT 2023 - Codigo=655257736648|Descripcion=Nina chocolate Bliss|PrecioUnit=300|Oferta=Llevando 3 paquetes de galletas nina 1 de regalo
Fri Oct 27 08:23:47 EDT 2023 - Codigo:7790696000318 no encontrado.
Fri Oct 27 08:26:53 EDT 2023 - Codigo:7790696000318 no encontrado.
Fri Oct 27 08:27:00 EDT 2023 - Codigo:7790696000318 no encontrado.
Fri Oct 27 08:34:09 EDT 2023 - Codigo:7790696000318 no encontrado.
Fri Oct 27 08:34:11 EDT 2023 - Codigo:7790696000318 no encontrado.
Fri Oct 27 08:34:13 EDT 2023 - Codigo:7790696000318 no encontrado.
Fri Oct 27 08:34:13 EDT 2023 - Codigo:7790696000318 no encontrado.
Fri Oct 27 08:34:14 EDT 2023 - Codigo:7790696000318 no encontrado.
Fri Oct 27 08:35:13 EDT 2023 - Codigo=7790696000318|Descripcion=Tomates |PrecioUnit=800|Oferta=Llevando tres unidades $400 c/u_20% descuento en tomates
Fri Oct 27 08:35:35 EDT 2023 - Codigo=723540526235|Descripcion=Nina Blondies Sugar Free|PrecioUnit=1200|Oferta=Llevando 3 paquetes de galletas nina 1 de regalo
Fri Oct 27 08:35:38 EDT 2023 - Codigo=723540526235|Descripcion=Nina Blondies Sugar Free|PrecioUnit=1200|Oferta=Llevando 3 paquetes de galletas nina 1 de regalo
Fri Oct 27 08:35:57 EDT 2023 - Codigo=7798372330049|Descripcion=Tallarines de avena|PrecioUnit=999.99|Oferta=20% descuento en pastas
Fri Oct 27 08:39:13 EDT 2023 - Codigo:7790696000318 no encontrado.
Fri Oct 27 08:39:16 EDT 2023 - Codigo:7790696000318 no encontrado.
Fri Oct 27 08:39:18 EDT 2023 - Codigo:7790696000318 no encontrado.
Fri Oct 27 08:43:31 EDT 2023 - Codigo:7790696000318 no encontrado.
Fri Oct 27 08:43:32 EDT 2023 - Codigo:7790696000318 no encontrado.
Fri Oct 27 08:43:33 EDT 2023 - Codigo:7790696000318 no encontrado.
Fri Oct 27 08:43:41 EDT 2023 - Codigo:7790199603511 no encontrado.
Fri Oct 27 08:45:34 EDT 2023 - Codigo=7790696000318|Descripcion=Tomates |PrecioUnit=800|Oferta=Llevando tres unidades $400 c/u_20% descuento en tomates
Fri Oct 27 08:45:37 EDT 2023 - Codigo=7790696000318|Descripcion=Tomates |PrecioUnit=800|Oferta=Llevando tres unidades $400 c/u_20% descuento en tomates
Fri Oct 27 08:45:44 EDT 2023 - Codigo=655257741376|Descripcion=Nina Lemon & Ginger|PrecioUnit=300|Oferta=Llevando 3 paquetes de galletas nina 1 de regalo
Fri Oct 27 08:45:48 EDT 2023 - Codigo=655257741376|Descripcion=Nina Lemon & Ginger|PrecioUnit=300|Oferta=Llevando 3 paquetes de galletas nina 1 de regalo
Fri Oct 27 08:45:56 EDT 2023 - Codigo=723540526235|Descripcion=Nina Blondies Sugar Free|PrecioUnit=1200|Oferta=Llevando 3 paquetes de galletas nina 1 de regalo
Fri Oct 27 08:45:58 EDT 2023 - Codigo=723540526235|Descripcion=Nina Blondies Sugar Free|PrecioUnit=1200|Oferta=Llevando 3 paquetes de galletas nina 1 de regalo
Fri Oct 27 08:46:03 EDT 2023 - Codigo=7798372330049|Descripcion=Tallarines de avena|PrecioUnit=999.99|Oferta=20% descuento en pastas
Fri Oct 27 08:47:14 EDT 2023 - Codigo=7790696000318|Descripcion=Tomates |PrecioUnit=800|Oferta=Llevando tres unidades $400 c/u_20% descuento en tomates
Fri Oct 27 09:01:50 EDT 2023 - Codigo=655257741376|Descripcion=Nina Lemon & Ginger|PrecioUnit=300|Oferta=Llevando 3 paquetes de galletas nina 1 de regalo
Fri Oct 27 09:39:12 EDT 2023 - Codigo=655257741376|Descripcion=Nina Lemon & Ginger|PrecioUnit=300.99|Oferta=Llevando 3 paquetes de galletas nina 1 de regalo
Fri Oct 27 09:51:20 EDT 2023 - Codigo=7790696000318|Descripcion=Tomates |PrecioUnit=800|Oferta=Llevando tres unidades $400 c/u_20% descuento en tomates
Fri Oct 27 09:54:50 EDT 2023 - Codigo=655257741376|Descripcion=Nina Lemon & Ginger|PrecioUnit=999.99|Oferta=Llevando 3 paquetes de galletas nina 1 de regalo
Fri Oct 27 10:49:33 EDT 2023 - Codigo=7790696000318|Descripcion=Tomates |PrecioUnit=800|Oferta=Llevando tres unidades $400 c/u_20% descuento en tomates
Mon Oct 30 11:38:12 EDT 2023 - Codigo=7790696000318|Descripcion=Tomates |PrecioUnit=800|Oferta=Llevando tres unidades $400 c/u_20% descuento en tomates
Mon Oct 30 15:23:37 EDT 2023 - Codigo=7790696000318|Descripcion=Tomates |PrecioUnit=800|Oferta=Llevando tres unidades $400 c/u_20% descuento en tomates
Mon Oct 30 15:24:01 EDT 2023 - Codigo=7790696000318|Descripcion=Tomates |PrecioUnit=800|Oferta=Llevando tres unidades $400 c/u_20% descuento en tomates
Mon Oct 30 15:27:34 EDT 2023 - Codigo:7790696000318 no encontrado.
Mon Oct 30 15:29:59 EDT 2023 - Codigo=7790696000318|Descripcion=Tomates |PrecioUnit=800|Oferta=Llevando tres unidades $400 c/u_20% descuento en tomates
Mon Oct 30 15:51:32 EDT 2023 - Codigo=655257736648|Descripcion=Nina chocolate Bliss|PrecioUnit=1200.5|Oferta=Llevando 3 paquetes de galletas nina 1 de regalo_vvv
Tue Oct 31 07:40:33 EDT 2023 - Codigo=7790696000318|Descripcion=Tomates |PrecioUnit=800|Oferta=Llevando tres unidades $400 c/u_20% descuento en tomates
Tue Oct 31 07:40:40 EDT 2023 - Codigo=7790696000318|Descripcion=Tomates |PrecioUnit=800|Oferta=Llevando tres unidades $400 c/u_20% descuento en tomates
Tue Oct 31 08:30:43 EDT 2023 - Codigo=7790696000318|Descripcion=Tomates |PrecioUnit=800|Oferta=Llevando tres unidades $400 c/u_20% descuento en tomates
Tue Oct 31 08:30:48 EDT 2023 - Codigo=7790696000318|Descripcion=Tomates |PrecioUnit=800|Oferta=Llevando tres unidades $400 c/u_20% descuento en tomates
Tue Oct 31 08:30:51 EDT 2023 - Codigo=7790696000318|Descripcion=Tomates |PrecioUnit=800|Oferta=Llevando tres unidades $400 c/u_20% descuento en tomates
Tue Oct 31 08:31:00 EDT 2023 - Codigo=7798372330049|Descripcion=Tallarines de avena|PrecioUnit=999.99|Oferta=20% descuento en pastas
Tue Oct 31 08:31:02 EDT 2023 - Codigo=7798372330049|Descripcion=Tallarines de avena|PrecioUnit=999.99|Oferta=20% descuento en pastas
Tue Oct 31 08:32:42 EDT 2023 - Codigo=7790696000318|Descripcion=Tomates |PrecioUnit=800|Oferta=Llevando tres unidades $400 c/u_20% descuento en tomates
Tue Oct 31 08:32:51 EDT 2023 - Codigo=7798372330049|Descripcion=Tallarines de avena|PrecioUnit=999.99|Oferta=20% descuento en pastas
Tue Oct 31 08:32:56 EDT 2023 - Codigo=7798372330049|Descripcion=Tallarines de avena|PrecioUnit=999.99|Oferta=20% descuento en pastas
Tue Oct 31 08:37:20 EDT 2023 - Codigo=7790696000318|Descripcion=Tomates |PrecioUnit=800|Oferta=Llevando tres unidades $400 c/u_20% descuento en tomates
Tue Oct 31 08:37:27 EDT 2023 - Codigo=7798372330049|Descripcion=Tallarines de avena|PrecioUnit=999.99|Oferta=20% descuento en pastas
Tue Oct 31 09:24:48 EDT 2023 - Codigo=7790696000318|Descripcion=Tomates |PrecioUnit=800|Oferta=Llevando tres unidades $400 c/u_20% descuento en tomates
Tue Oct 31 09:24:50 EDT 2023 - Codigo=7790696000318|Descripcion=Tomates |PrecioUnit=800|Oferta=Llevando tres unidades $400 c/u_20% descuento en tomates
Tue Oct 31 09:47:50 EDT 2023 - Codigo:7790696000318 no encontrado.
Tue Oct 31 09:47:54 EDT 2023 - Codigo:7790696000318 no encontrado.
Tue Oct 31 09:47:59 EDT 2023 - Codigo:7790696000318 no encontrado.
Tue Oct 31 09:48:07 EDT 2023 - Codigo:7790696000318 no encontrado.
Tue Oct 31 09:48:10 EDT 2023 - Codigo:7798372330049 no encontrado.
Tue Oct 31 09:48:25 EDT 2023 - Codigo:7790696000318 no encontrado.
Tue Oct 31 09:50:17 EDT 2023 - Codigo:7790696000318 no encontrado.
Tue Oct 31 09:57:04 EDT 2023 - Codigo=7790696000318|Descripcion=Tomates |PrecioUnit=800|Oferta=
Tue Oct 31 09:57:04 EDT 2023 - Codigo=7790696000318|Descripcion=Tomates |PrecioUnit=800|Oferta=
Tue Oct 31 09:57:04 EDT 2023 - Codigo=7790696000318|Descripcion=Tomates |PrecioUnit=800|Oferta=
Tue Oct 31 09:57:37 EDT 2023 - Codigo=7790696000318|Descripcion=Tomates |PrecioUnit=800|Oferta=Llevando tres unidades $400 c/u_20% descuento en tomates
Tue Oct 31 09:58:41 EDT 2023 - Codigo=7798372330049|Descripcion=Tallarines de avena|PrecioUnit=999.99|Oferta=20% descuento en pastas
Tue Oct 31 10:01:12 EDT 2023 - Codigo=7790696000318|Descripcion=Tomates |PrecioUnit=800|Oferta=Llevando tres unidades $400 c/u_20% descuento en tomates
Tue Oct 31 10:01:18 EDT 2023 - Codigo=7798372330049|Descripcion=Tallarines de avena|PrecioUnit=999.99|Oferta=20% descuento en pastas
Tue Oct 31 10:06:55 EDT 2023 - Codigo=7790696000318|Descripcion=Tomates |PrecioUnit=800|Oferta=Llevando tres unidades $400 c/u_20% descuento en tomates
Tue Oct 31 10:17:44 EDT 2023 - Codigo=7790696000318|Descripcion=Tomates |PrecioUnit=800|Oferta=Llevando tres unidades $400 c/u_20% descuento en tomates
Tue Oct 31 10:17:52 EDT 2023 - Codigo=7790696000318|Descripcion=Tomates |PrecioUnit=800|Oferta=Llevando tres unidades $400 c/u_20% descuento en tomates
Tue Oct 31 10:29:41 EDT 2023 - Codigo=7790696000318|Descripcion=Tomates |PrecioUnit=800|Oferta=Llevando tres unidades $400 c/u_20% descuento en tomates
Tue Oct 31 13:44:53 EDT 2023 - Codigo=7790696000318|Descripcion=Tomates |PrecioUnit=800|Oferta=Llevando tres unidades $400 c/u_20% descuento en tomates
Tue Oct 31 13:44:54 EDT 2023 - Codigo=7790696000318|Descripcion=Tomates |PrecioUnit=800|Oferta=Llevando tres unidades $400 c/u_20% descuento en tomates
Tue Oct 31 13:44:54 EDT 2023 - Codigo=7790696000318|Descripcion=Tomates |PrecioUnit=800|Oferta=Llevando tres unidades $400 c/u_20% descuento en tomates
Tue Oct 31 13:46:16 EDT 2023 - Codigo=7790696000318|Descripcion=Tomates |PrecioUnit=800|Oferta=Llevando tres unidades $400 c/u_20% descuento en tomates
Tue Oct 31 13:46:22 EDT 2023 - Codigo=7790199603511|Descripcion=Penne rigate|PrecioUnit=800|Oferta=20% descuento en pastas
Tue Oct 31 13:51:30 EDT 2023 - Codigo=7790696000318|Descripcion=Tomates |PrecioUnit=800|Oferta=Llevando tres unidades $400 c/u_20% descuento en tomates
Tue Oct 31 13:51:47 EDT 2023 - Codigo=7798372330049|Descripcion=Tallarines de avena|PrecioUnit=999.99|Oferta=20% descuento en pastas
Tue Oct 31 14:10:40 EDT 2023 - Codigo=7790696000318|Descripcion=Tomates |PrecioUnit=800|Oferta=Llevando tres unidades $400 c/u_20% descuento en tomates
Tue Oct 31 14:22:22 EDT 2023 - Codigo=7790696000318|Descripcion=Tomates |PrecioUnit=800|Oferta=Llevando tres unidades $400 c/u_20% descuento en tomates
Tue Oct 31 14:45:25 EDT 2023 - Codigo=655257736648|Descripcion=Nina chocolate Bliss|PrecioUnit=800|Oferta=Llevando 3 paquetes de galletas nina 1 de regalo
Tue Oct 31 15:18:19 EDT 2023 - Codigo=7790696000318|Descripcion=Tomates |PrecioUnit=800|Oferta=Llevando tres unidades $400 c/u_20% descuento en tomates
Tue Oct 31 15:20:47 EDT 2023 - Codigo=7790696000318|Descripcion=Tomates |PrecioUnit=800|Oferta=Llevando tres unidades $400 c/u_20% descuento en tomates
Tue Oct 31 15:20:52 EDT 2023 - Codigo=7798372330049|Descripcion=Tallarines de avena|PrecioUnit=999.99|Oferta=20% descuento en pastas
Tue Oct 31 15:20:56 EDT 2023 - Codigo=7790696000318|Descripcion=Tomates |PrecioUnit=800|Oferta=Llevando tres unidades $400 c/u_20% descuento en tomates
Wed Nov 1 08:31:41 EDT 2023 - Codigo=7790696000318|Descripcion=Tomates |PrecioUnit=800|Oferta=Llevando tres unidades $400 c/u_20% descuento en tomates
Wed Nov 1 08:32:01 EDT 2023 - Codigo=655257741376|Descripcion=Nina Lemon & Ginger|PrecioUnit=999.99|Oferta=Llevando 3 paquetes de galletas nina 1 de regalo
Wed Nov 1 10:08:10 EDT 2023 - Codigo=7790696000318|Descripcion=Tomates |PrecioUnit=800|Oferta=Llevando tres unidades $400 c/u_20% descuento en tomates
Wed Nov 1 10:08:52 EDT 2023 - Codigo=7790696000318|Descripcion=Tomates |PrecioUnit=1200|Oferta=Llevando tres unidades $400 c/u_20% descuento en tomates
Wed Nov 1 11:25:49 EDT 2023 - Codigo=7790696000318|Descripcion=Tomates |PrecioUnit=1200|Oferta=Llevando tres unidades $400 c/u_20% descuento en tomates
Thu Nov 2 09:03:13 EDT 2023 - Codigo=7790696000318|Descripcion=Tomates |PrecioUnit=1200|Oferta=Llevando tres unidades $400 c/u_20% descuento en tomates
Thu Nov 2 09:03:39 EDT 2023 - Codigo=7790696000318|Descripcion=Tomates |PrecioUnit=1200|Oferta=Llevando tres unidades $400 c/u_20% descuento en tomates
Thu Nov 2 10:31:30 EDT 2023 - Codigo=655257736648|Descripcion=Nina chocolate Bliss|PrecioUnit=1000|Oferta=Llevando 3 paquetes de galletas nina 1 de regalo
Thu Nov 2 10:52:05 EDT 2023 - Codigo=7790696000318|Descripcion=Tomates |PrecioUnit=1200|Oferta=Llevando tres unidades $400 c/u_20% descuento en tomates
Fri Nov 3 08:17:06 EDT 2023 - Codigo=7790696000318|Descripcion=Tomates |PrecioUnit=1200|Oferta=Llevando tres unidades $400 c/u_20% descuento en tomates
Wed Nov 8 09:30:08 EST 2023 - Codigo=7790696000318|Descripcion=Tomates |PrecioUnit=1200|Oferta=Llevando tres unidades $400 c/u_20% descuento en tomates
Fri Nov 10 08:22:58 EST 2023 - Codigo:7790696000318 no encontrado.
Fri Nov 10 08:41:31 EST 2023 - Codigo:7790696000318 no encontrado.
Fri Nov 10 08:43:57 EST 2023 - Codigo:7790696000318 no encontrado.
Fri Nov 10 08:44:04 EST 2023 - Codigo:7790696000318 no encontrado.
Fri Nov 10 08:44:07 EST 2023 - Codigo:7790696000318 no encontrado.
Fri Nov 10 08:45:07 EST 2023 - Codigo=7790696000318|Descripcion=Tomates |PrecioUnit=1200|Oferta=Llevando tres unidades $400 c/u_20% descuento en tomates
Fri Nov 10 08:44:58 EST 2023 - Codigo:90696000318 no encontrado.
Fri Nov 10 08:45:03 EST 2023 - Codigo=7790696000318|Descripcion=Tomates |PrecioUnit=1200|Oferta=Llevando tres unidades $400 c/u_20% descuento en tomates
Fri Nov 10 08:45:08 EST 2023 - Codigo=7790696000318|Descripcion=Tomates |PrecioUnit=1200|Oferta=Llevando tres unidades $400 c/u_20% descuento en tomates
Fri Nov 10 08:45:11 EST 2023 - Codigo=655257741376|Descripcion=Nina Lemon & Ginger|PrecioUnit=299.99|Oferta=Llevando 3 paquetes de galletas nina 1 de regalo
Fri Nov 10 08:45:18 EST 2023 - Codigo=7790696000318|Descripcion=Tomates |PrecioUnit=1200|Oferta=Llevando tres unidades $400 c/u_20% descuento en tomates
Fri Nov 10 08:45:30 EST 2023 - Codigo=7790696000318|Descripcion=Tomates |PrecioUnit=1200|Oferta=Llevando tres unidades $400 c/u_20% descuento en tomates
Fri Nov 10 08:45:36 EST 2023 - Codigo=7790696000318|Descripcion=Tomates |PrecioUnit=1200|Oferta=Llevando tres unidades $400 c/u_20% descuento en tomates
Fri Nov 10 08:45:38 EST 2023 - Codigo=7790696000318|Descripcion=Tomates |PrecioUnit=1200|Oferta=Llevando tres unidades $400 c/u_20% descuento en tomates
Fri Nov 10 08:45:43 EST 2023 - Codigo=7790696000318|Descripcion=Tomates |PrecioUnit=1200|Oferta=Llevando tres unidades $400 c/u_20% descuento en tomates
Fri Nov 10 08:45:45 EST 2023 - Codigo=7790696000318|Descripcion=Tomates |PrecioUnit=1200|Oferta=Llevando tres unidades $400 c/u_20% descuento en tomates
Fri Nov 10 08:45:53 EST 2023 - Codigo=7790696000318|Descripcion=Tomates |PrecioUnit=1200|Oferta=Llevando tres unidades $400 c/u_20% descuento en tomates
Fri Nov 10 08:45:57 EST 2023 - Codigo=7790696000318|Descripcion=Tomates |PrecioUnit=1200|Oferta=Llevando tres unidades $400 c/u_20% descuento en tomates
Fri Nov 10 08:46:00 EST 2023 - Codigo=7790696000318|Descripcion=Tomates |PrecioUnit=1200|Oferta=Llevando tres unidades $400 c/u_20% descuento en tomates
Fri Nov 10 08:53:53 EST 2023 - Codigo=723540526235|Descripcion=Nina Blondies Sugar Free|PrecioUnit=1200|Oferta=Llevando 3 paquetes de galletas nina 1 de regalo
Fri Nov 10 09:43:44 EST 2023 - Codigo=7790696000318|Descripcion=Tomates |PrecioUnit=1200|Oferta=Llevando tres unidades $400 c/u_20% descuento en tomates
Mon Nov 13 10:13:22 EST 2023 - Codigo=7790696000318|Descripcion=Tomates |PrecioUnit=600|Oferta=Llevando tres unidades $400 c/u_20% descuento en tomates
Mon Nov 13 10:13:29 EST 2023 - Codigo=655257741376|Descripcion=Nina Lemon & Ginger|PrecioUnit=299.99|Oferta=Llevando 3 paquetes de galletas nina 1 de regalo
Tue Nov 14 09:03:56 EST 2023 - Codigo=7790696000318|Descripcion=Tomates |PrecioUnit=600|Oferta=Llevando tres unidades $400 c/u_20% descuento en tomates
Tue Nov 14 09:04:04 EST 2023 - Codigo=655257736648|Descripcion=Nina chocolate Bliss|PrecioUnit=999.99|Oferta=Llevando 3 paquetes de galletas nina 1 de regalo
Tue Nov 14 09:18:02 EST 2023 - Codigo=7790696000318|Descripcion=Tomates |PrecioUnit=600|Oferta=Llevando tres unidades $400 c/u_20% descuento en tomates
Tue Nov 14 09:18:35 EST 2023 - Codigo=7790696000318|Descripcion=Tomates |PrecioUnit=600.99|Oferta=Llevando tres unidades $400 c/u_20% descuento en tomates
Wed Nov 15 07:05:08 EST 2023 - Codigo=7790696000318|Descripcion=Tomates |PrecioUnit=600.99|Oferta=Llevando tres unidades $400 c/u_20% descuento en tomates
Wed Nov 15 07:08:03 EST 2023 - Codigo=7790696000318|Descripcion=Tomates |PrecioUnit=600.99|Oferta=Llevando tres unidades $400 c/u_20% descuento en tomates
Wed Nov 15 07:08:37 EST 2023 - Codigo=655257736648|Descripcion=Nina chocolate Bliss|PrecioUnit=1399.99|Oferta=Llevando 3 paquetes de galletas nina 1 de regalo
Wed Nov 15 08:48:21 EST 2023 - Codigo=655257736648|Descripcion=Nina chocolate Bliss|PrecioUnit=1399.99|Oferta=Llevando 3 paquetes de galletas nina 1 de regalo
Wed Nov 15 08:48:39 EST 2023 - Codigo=655257736648|Descripcion=Nina chocolate Bliss|PrecioUnit=1399.99|Oferta=Llevando 3 paquetes de galletas nina 1 de regalo
Wed Nov 15 08:48:53 EST 2023 - Codigo=7790696000318|Descripcion=Tomates |PrecioUnit=600.99|Oferta=Llevando tres unidades $400 c/u_20% descuento en tomates
Wed Nov 15 08:49:25 EST 2023 - Codigo=655257736648|Descripcion=Nina chocolate Bliss|PrecioUnit=500|Oferta=Llevando 3 paquetes de galletas nina 1 de regalo
Fri Nov 17 09:51:00 EST 2023 - Codigo=7790696000318|Descripcion=Tomates |PrecioUnit=600.99|Oferta=Llevando tres unidades $400 c/u_20% descuento en tomates
Fri Nov 17 09:51:43 EST 2023 - Codigo=7790696000318|Descripcion=Tomates |PrecioUnit=600.99|Oferta=Llevando tres unidades $400 c/u_20% descuento en tomates
Fri Nov 17 09:53:01 EST 2023 - Codigo=7790696000318|Descripcion=Tomates |PrecioUnit=600.99|Oferta=Llevando tres unidades $400 c/u_20% descuento en tomates
Fri Nov 17 09:53:55 EST 2023 - Codigo=7790696000318|Descripcion=Tomates |PrecioUnit=1200|Oferta=Llevando tres unidades $400 c/u_20% descuento en tomates
Fri Nov 17 09:54:43 EST 2023 - Codigo=655257736648|Descripcion=Nina chocolate Bliss|PrecioUnit=500|Oferta=Llevando 3 paquetes de galletas nina 1 de regalo
Fri Nov 17 12:40:17 EST 2023 - Codigo=7790696000318|Descripcion=Tomates |PrecioUnit=1200|Oferta=Llevando tres unidades $400 c/u_20% descuento en tomates
Fri Nov 17 12:40:35 EST 2023 - Codigo=7790696000318|Descripcion=Tomates |PrecioUnit=500|Oferta=Llevando tres unidades $400 c/u_20% descuento en tomates
Fri Nov 17 12:46:57 EST 2023 - Codigo=655257736648|Descripcion=Nina chocolate Bliss|PrecioUnit=900|Oferta=Llevando 3 paquetes de galletas nina 1 de regalo
Fri Nov 17 12:47:13 EST 2023 - Codigo=655257736648|Descripcion=Nina chocolate Bliss|PrecioUnit=1300|Oferta=Llevando 3 paquetes de galletas nina 1 de regalo
Thu Nov 23 11:47:15 EST 2023 - Codigo=7790696000318|Descripcion=Tomates |PrecioUnit=500|Oferta=Llevando tres unidades $400 c/u_20% descuento en tomates
Thu Nov 23 11:54:11 EST 2023 - Codigo=7790696000318|Descripcion=Tomates |PrecioUnit=500|Oferta=Llevando tres unidades $400 c/u_20% descuento en tomates
Thu Nov 23 12:02:48 EST 2023 - Codigo=655257741376|Descripcion=Nina Lemon & Ginger|PrecioUnit=1099.99|Oferta=Llevando 3 paquetes de galletas nina 1 de regalo
