  prcheck.c
C:\Users\Bruno Lisanti\Desktop\prcheck_dante\prcheck\prcheck.c(94,8): warning C4996: 'localtime': This function or variable may be unsafe. Consider using localtime_s instead. To disable deprecation, use _CRT_SECURE_NO_WARNINGS. See online help for details.
C:\Users\Bruno Lisanti\Desktop\prcheck_dante\prcheck\prcheck.c(96,2): warning C4996: 'sprintf': This function or variable may be unsafe. Consider using sprintf_s instead. To disable deprecation, use _CRT_SECURE_NO_WARNINGS. See online help for details.
C:\Users\Bruno Lisanti\Desktop\prcheck_dante\prcheck\prcheck.c(98,14): warning C4996: 'fopen': This function or variable may be unsafe. Consider using fopen_s instead. To disable deprecation, use _CRT_SECURE_NO_WARNINGS. See online help for details.
C:\Users\Bruno Lisanti\Desktop\prcheck_dante\prcheck\prcheck.c(116,16): warning C4996: 'fopen': This function or variable may be unsafe. Consider using fopen_s instead. To disable deprecation, use _CRT_SECURE_NO_WARNINGS. See online help for details.
C:\Users\Bruno Lisanti\Desktop\prcheck_dante\prcheck\prcheck.c(121,16): warning C4996: 'fopen': This function or variable may be unsafe. Consider using fopen_s instead. To disable deprecation, use _CRT_SECURE_NO_WARNINGS. See online help for details.
C:\Users\Bruno Lisanti\Desktop\prcheck_dante\prcheck\prcheck.c(181,10): warning C4996: 'fopen': This function or variable may be unsafe. Consider using fopen_s instead. To disable deprecation, use _CRT_SECURE_NO_WARNINGS. See online help for details.
C:\Users\Bruno Lisanti\Desktop\prcheck_dante\prcheck\prcheck.c(187,4): warning C4996: 'strcpy': This function or variable may be unsafe. Consider using strcpy_s instead. To disable deprecation, use _CRT_SECURE_NO_WARNINGS. See online help for details.
C:\Users\Bruno Lisanti\Desktop\prcheck_dante\prcheck\prcheck.c(223,3): warning C4996: 'strcpy': This function or variable may be unsafe. Consider using strcpy_s instead. To disable deprecation, use _CRT_SECURE_NO_WARNINGS. See online help for details.
C:\Users\Bruno Lisanti\Desktop\prcheck_dante\prcheck\prcheck.c(398,21): warning C4996: 'strcpy': This function or variable may be unsafe. Consider using strcpy_s instead. To disable deprecation, use _CRT_SECURE_NO_WARNINGS. See online help for details.
C:\Users\Bruno Lisanti\Desktop\prcheck_dante\prcheck\prcheck.c(401,21): warning C4996: 'strcpy': This function or variable may be unsafe. Consider using strcpy_s instead. To disable deprecation, use _CRT_SECURE_NO_WARNINGS. See online help for details.
C:\Users\Bruno Lisanti\Desktop\prcheck_dante\prcheck\prcheck.c(404,21): warning C4996: 'strcpy': This function or variable may be unsafe. Consider using strcpy_s instead. To disable deprecation, use _CRT_SECURE_NO_WARNINGS. See online help for details.
C:\Users\Bruno Lisanti\Desktop\prcheck_dante\prcheck\prcheck.c(407,21): warning C4996: 'strcpy': This function or variable may be unsafe. Consider using strcpy_s instead. To disable deprecation, use _CRT_SECURE_NO_WARNINGS. See online help for details.
C:\Users\Bruno Lisanti\Desktop\prcheck_dante\prcheck\prcheck.c(528,5): warning C4996: 'sprintf': This function or variable may be unsafe. Consider using sprintf_s instead. To disable deprecation, use _CRT_SECURE_NO_WARNINGS. See online help for details.
C:\Users\Bruno Lisanti\Desktop\prcheck_dante\prcheck\prcheck.c(564,3): warning C4996: 'sprintf': This function or variable may be unsafe. Consider using sprintf_s instead. To disable deprecation, use _CRT_SECURE_NO_WARNINGS. See online help for details.
C:\Users\Bruno Lisanti\Desktop\prcheck_dante\prcheck\prcheck.c(581,3): warning C4996: 'strcpy': This function or variable may be unsafe. Consider using strcpy_s instead. To disable deprecation, use _CRT_SECURE_NO_WARNINGS. See online help for details.
C:\Users\Bruno Lisanti\Desktop\prcheck_dante\prcheck\prcheck.c(608,5): warning C4996: 'sprintf': This function or variable may be unsafe. Consider using sprintf_s instead. To disable deprecation, use _CRT_SECURE_NO_WARNINGS. See online help for details.
C:\Users\Bruno Lisanti\Desktop\prcheck_dante\prcheck\prcheck.c(614,21): warning C4996: 'sprintf': This function or variable may be unsafe. Consider using sprintf_s instead. To disable deprecation, use _CRT_SECURE_NO_WARNINGS. See online help for details.
C:\Users\Bruno Lisanti\Desktop\prcheck_dante\prcheck\prcheck.c(639,14): warning C4996: 'fopen': This function or variable may be unsafe. Consider using fopen_s instead. To disable deprecation, use _CRT_SECURE_NO_WARNINGS. See online help for details.
C:\Users\Bruno Lisanti\Desktop\prcheck_dante\prcheck\prcheck.c(649,16): warning C4996: 'fopen': This function or variable may be unsafe. Consider using fopen_s instead. To disable deprecation, use _CRT_SECURE_NO_WARNINGS. See online help for details.
C:\Users\Bruno Lisanti\Desktop\prcheck_dante\prcheck\prcheck.c(654,16): warning C4996: 'fopen': This function or variable may be unsafe. Consider using fopen_s instead. To disable deprecation, use _CRT_SECURE_NO_WARNINGS. See online help for details.
C:\Users\Bruno Lisanti\Desktop\prcheck_dante\prcheck\prcheck.c(663,2): warning C4996: 'sprintf': This function or variable may be unsafe. Consider using sprintf_s instead. To disable deprecation, use _CRT_SECURE_NO_WARNINGS. See online help for details.
C:\Users\Bruno Lisanti\Desktop\prcheck_dante\prcheck\prcheck.c(671,2): warning C4996: 'sprintf': This function or variable may be unsafe. Consider using sprintf_s instead. To disable deprecation, use _CRT_SECURE_NO_WARNINGS. See online help for details.
C:\Users\Bruno Lisanti\Desktop\prcheck_dante\prcheck\prcheck.c(677,9): warning C4996: 'sprintf': This function or variable may be unsafe. Consider using sprintf_s instead. To disable deprecation, use _CRT_SECURE_NO_WARNINGS. See online help for details.
C:\Users\Bruno Lisanti\Desktop\prcheck_dante\prcheck\prcheck.c(684,27): warning C4996: 'inet_addr': Use inet_pton() or InetPton() instead or define _WINSOCK_DEPRECATED_NO_WARNINGS to disable deprecated API warnings
C:\Users\Bruno Lisanti\Desktop\prcheck_dante\prcheck\prcheck.c(696,9): warning C4996: 'sprintf': This function or variable may be unsafe. Consider using sprintf_s instead. To disable deprecation, use _CRT_SECURE_NO_WARNINGS. See online help for details.
C:\Users\Bruno Lisanti\Desktop\prcheck_dante\prcheck\prcheck.c(708,9): warning C4996: 'sprintf': This function or variable may be unsafe. Consider using sprintf_s instead. To disable deprecation, use _CRT_SECURE_NO_WARNINGS. See online help for details.
C:\Users\Bruno Lisanti\Desktop\prcheck_dante\prcheck\prcheck.c(713,13): warning C4996: 'sprintf': This function or variable may be unsafe. Consider using sprintf_s instead. To disable deprecation, use _CRT_SECURE_NO_WARNINGS. See online help for details.
C:\Users\Bruno Lisanti\Desktop\prcheck_dante\prcheck\prcheck.c(717,9): warning C4996: 'sprintf': This function or variable may be unsafe. Consider using sprintf_s instead. To disable deprecation, use _CRT_SECURE_NO_WARNINGS. See online help for details.
C:\Users\Bruno Lisanti\Desktop\prcheck_dante\prcheck\prcheck.c(718,13): warning C4996: 'inet_ntoa': Use inet_ntop() or InetNtop() instead or define _WINSOCK_DEPRECATED_NO_WARNINGS to disable deprecated API warnings
C:\Users\Bruno Lisanti\Desktop\prcheck_dante\prcheck\prcheck.c(725,13): warning C4996: 'sprintf': This function or variable may be unsafe. Consider using sprintf_s instead. To disable deprecation, use _CRT_SECURE_NO_WARNINGS. See online help for details.
C:\Users\Bruno Lisanti\Desktop\prcheck_dante\prcheck\prcheck.c(779,3): warning C4996: 'sprintf': This function or variable may be unsafe. Consider using sprintf_s instead. To disable deprecation, use _CRT_SECURE_NO_WARNINGS. See online help for details.
C:\Users\Bruno Lisanti\Desktop\prcheck_dante\prcheck\prcheck.c(783,5): warning C4996: 'sprintf': This function or variable may be unsafe. Consider using sprintf_s instead. To disable deprecation, use _CRT_SECURE_NO_WARNINGS. See online help for details.
C:\Users\Bruno Lisanti\Desktop\prcheck_dante\prcheck\prcheck.c(786,9): warning C4996: 'strncpy': This function or variable may be unsafe. Consider using strncpy_s instead. To disable deprecation, use _CRT_SECURE_NO_WARNINGS. See online help for details.
C:\Users\Bruno Lisanti\Desktop\prcheck_dante\prcheck\prcheck.c(787,9): warning C4996: 'strcat': This function or variable may be unsafe. Consider using strcat_s instead. To disable deprecation, use _CRT_SECURE_NO_WARNINGS. See online help for details.
C:\Users\Bruno Lisanti\Desktop\prcheck_dante\prcheck\prcheck.c(789,9): warning C4996: 'strcpy': This function or variable may be unsafe. Consider using strcpy_s instead. To disable deprecation, use _CRT_SECURE_NO_WARNINGS. See online help for details.
C:\Users\Bruno Lisanti\Desktop\prcheck_dante\prcheck\prcheck.c(791,5): warning C4996: 'strcpy': This function or variable may be unsafe. Consider using strcpy_s instead. To disable deprecation, use _CRT_SECURE_NO_WARNINGS. See online help for details.
C:\Users\Bruno Lisanti\Desktop\prcheck_dante\prcheck\prcheck.c(793,2): warning C4996: 'sprintf': This function or variable may be unsafe. Consider using sprintf_s instead. To disable deprecation, use _CRT_SECURE_NO_WARNINGS. See online help for details.
C:\Users\Bruno Lisanti\Desktop\prcheck_dante\prcheck\prcheck.c(800,11): warning C4996: 'fopen': This function or variable may be unsafe. Consider using fopen_s instead. To disable deprecation, use _CRT_SECURE_NO_WARNINGS. See online help for details.
C:\Users\Bruno Lisanti\Desktop\prcheck_dante\prcheck\prcheck.c(847,4): warning C4996: 'strncpy': This function or variable may be unsafe. Consider using strncpy_s instead. To disable deprecation, use _CRT_SECURE_NO_WARNINGS. See online help for details.
C:\Users\Bruno Lisanti\Desktop\prcheck_dante\prcheck\prcheck.c(858,4): warning C4996: 'sprintf': This function or variable may be unsafe. Consider using sprintf_s instead. To disable deprecation, use _CRT_SECURE_NO_WARNINGS. See online help for details.
C:\Users\Bruno Lisanti\Desktop\prcheck_dante\prcheck\prcheck.c(913,4): warning C4996: 'sprintf': This function or variable may be unsafe. Consider using sprintf_s instead. To disable deprecation, use _CRT_SECURE_NO_WARNINGS. See online help for details.
C:\Users\Bruno Lisanti\Desktop\prcheck_dante\prcheck\prcheck.c(914,4): warning C4996: 'sprintf': This function or variable may be unsafe. Consider using sprintf_s instead. To disable deprecation, use _CRT_SECURE_NO_WARNINGS. See online help for details.
C:\Users\Bruno Lisanti\Desktop\prcheck_dante\prcheck\prcheck.c(917,4): warning C4996: 'sprintf': This function or variable may be unsafe. Consider using sprintf_s instead. To disable deprecation, use _CRT_SECURE_NO_WARNINGS. See online help for details.
C:\Users\Bruno Lisanti\Desktop\prcheck_dante\prcheck\prcheck.c(920,4): warning C4996: 'sprintf': This function or variable may be unsafe. Consider using sprintf_s instead. To disable deprecation, use _CRT_SECURE_NO_WARNINGS. See online help for details.
C:\Users\Bruno Lisanti\Desktop\prcheck_dante\prcheck\prcheck.c(922,4): warning C4996: 'sprintf': This function or variable may be unsafe. Consider using sprintf_s instead. To disable deprecation, use _CRT_SECURE_NO_WARNINGS. See online help for details.
C:\Users\Bruno Lisanti\Desktop\prcheck_dante\prcheck\prcheck.c(925,4): warning C4996: 'strcpy': This function or variable may be unsafe. Consider using strcpy_s instead. To disable deprecation, use _CRT_SECURE_NO_WARNINGS. See online help for details.
C:\Users\Bruno Lisanti\Desktop\prcheck_dante\prcheck\prcheck.c(927,5): warning C4996: 'strcpy': This function or variable may be unsafe. Consider using strcpy_s instead. To disable deprecation, use _CRT_SECURE_NO_WARNINGS. See online help for details.
C:\Users\Bruno Lisanti\Desktop\prcheck_dante\prcheck\prcheck.c(931,5): warning C4996: 'sprintf': This function or variable may be unsafe. Consider using sprintf_s instead. To disable deprecation, use _CRT_SECURE_NO_WARNINGS. See online help for details.
C:\Users\Bruno Lisanti\Desktop\prcheck_dante\prcheck\prcheck.c(934,5): warning C4996: 'sprintf': This function or variable may be unsafe. Consider using sprintf_s instead. To disable deprecation, use _CRT_SECURE_NO_WARNINGS. See online help for details.
C:\Users\Bruno Lisanti\Desktop\prcheck_dante\prcheck\prcheck.c(937,5): warning C4996: 'strncat': This function or variable may be unsafe. Consider using strncat_s instead. To disable deprecation, use _CRT_SECURE_NO_WARNINGS. See online help for details.
C:\Users\Bruno Lisanti\Desktop\prcheck_dante\prcheck\prcheck.c(938,5): warning C4996: 'strncat': This function or variable may be unsafe. Consider using strncat_s instead. To disable deprecation, use _CRT_SECURE_NO_WARNINGS. See online help for details.
C:\Users\Bruno Lisanti\Desktop\prcheck_dante\prcheck\prcheck.c(939,5): warning C4996: 'strncat': This function or variable may be unsafe. Consider using strncat_s instead. To disable deprecation, use _CRT_SECURE_NO_WARNINGS. See online help for details.
C:\Users\Bruno Lisanti\Desktop\prcheck_dante\prcheck\prcheck.c(940,5): warning C4996: 'strncat': This function or variable may be unsafe. Consider using strncat_s instead. To disable deprecation, use _CRT_SECURE_NO_WARNINGS. See online help for details.
C:\Users\Bruno Lisanti\Desktop\prcheck_dante\prcheck\prcheck.c(941,5): warning C4996: 'strncat': This function or variable may be unsafe. Consider using strncat_s instead. To disable deprecation, use _CRT_SECURE_NO_WARNINGS. See online help for details.
C:\Users\Bruno Lisanti\Desktop\prcheck_dante\prcheck\prcheck.c(942,5): warning C4996: 'strncat': This function or variable may be unsafe. Consider using strncat_s instead. To disable deprecation, use _CRT_SECURE_NO_WARNINGS. See online help for details.
C:\Users\Bruno Lisanti\Desktop\prcheck_dante\prcheck\prcheck.c(943,5): warning C4996: 'strncat': This function or variable may be unsafe. Consider using strncat_s instead. To disable deprecation, use _CRT_SECURE_NO_WARNINGS. See online help for details.
C:\Users\Bruno Lisanti\Desktop\prcheck_dante\prcheck\prcheck.c(944,5): warning C4996: 'strncat': This function or variable may be unsafe. Consider using strncat_s instead. To disable deprecation, use _CRT_SECURE_NO_WARNINGS. See online help for details.
C:\Users\Bruno Lisanti\Desktop\prcheck_dante\prcheck\prcheck.c(945,5): warning C4996: 'strncat': This function or variable may be unsafe. Consider using strncat_s instead. To disable deprecation, use _CRT_SECURE_NO_WARNINGS. See online help for details.
C:\Users\Bruno Lisanti\Desktop\prcheck_dante\prcheck\prcheck.c(964,2): warning C4996: 'sprintf': This function or variable may be unsafe. Consider using sprintf_s instead. To disable deprecation, use _CRT_SECURE_NO_WARNINGS. See online help for details.
C:\Users\Bruno Lisanti\Desktop\prcheck_dante\prcheck\prcheck.c(758,7): warning C4101: 'price_combo_str': variable local sin referencia
  prcheck_vs2022.vcxproj -> C:\Users\Bruno Lisanti\Desktop\prcheck_dante\prcheck\Release\prcheck_vs2022.exe
